#
# There is insufficient memory for the Java Runtime Environment to continue.
# Native memory allocation (mmap) failed to map 264241152 bytes for G1 virtual space
# Possible reasons:
#   The system is out of physical RAM or swap space
#   The process is running with CompressedOops enabled, and the Java Heap may be blocking the growth of the native heap
# Possible solutions:
#   Reduce memory load on the system
#   Increase physical memory or swap space
#   Check if swap backing store is full
#   Decrease Java heap size (-Xmx/-Xms)
#   Decrease number of Java threads
#   Decrease Java thread stack sizes (-Xss)
#   Set larger code cache with -XX:ReservedCodeCacheSize=
#   JVM is running with Zero Based Compressed Oops mode in which the Java heap is
#     placed in the first 32GB address space. The Java Heap base address is the
#     maximum limit for the native heap growth. Please use -XX:HeapBaseMinAddress
#     to set the Java Heap base and to place the Java Heap above 32GB virtual address.
# This output file may be truncated or incomplete.
#
#  Out of Memory Error (os_windows.cpp:3600), pid=10556, tid=3244
#
# JRE version:  (21.0.2+13) (build )
# Java VM: Java HotSpot(TM) 64-Bit Server VM (21.0.2+13-LTS-58, mixed mode, sharing, tiered, compressed oops, compressed class ptrs, g1 gc, windows-amd64)
# No core dump will be written. Minidumps are not enabled by default on client versions of Windows
#

---------------  S U M M A R Y ------------

Command Line: -Dfile.encoding=UTF-8 --module-path=C:\Users\monst\Documents\NetBeansProjects\HotelManageByDemin\build\classes hotelmanagebydemin.AddCustomer

Host: 12th Gen Intel(R) Core(TM) i7-12700H, 20 cores, 15G,  Windows 11 , 64 bit Build 22621 (10.0.22621.3527)
Time: Mon May 27 07:52:58 2024 RTZ 2 (s 11 , 64 bit Build 22621 (10.0.22621.3527) elapsed time: 0.008934 seconds (0d 0h 0m 0s)

---------------  T H R E A D  ---------------

Current thread (0x000001dc2654d4c0):  JavaThread "Unknown thread" [_thread_in_vm, id=3244, stack(0x0000000100600000,0x0000000100700000) (1024K)]

Stack: [0x0000000100600000,0x0000000100700000]
Native frames: (J=compiled Java code, j=interpreted, Vv=VM code, C=native code)
V  [jvm.dll+0x6cade9]
V  [jvm.dll+0x8569c1]
V  [jvm.dll+0x858d2e]
V  [jvm.dll+0x859413]
V  [jvm.dll+0x280e56]
V  [jvm.dll+0x6c74d5]
V  [jvm.dll+0x6bbeca]
V  [jvm.dll+0x355bca]
V  [jvm.dll+0x35d816]
V  [jvm.dll+0x3ae67e]
V  [jvm.dll+0x3ae928]
V  [jvm.dll+0x3295dc]
V  [jvm.dll+0x32a16b]
V  [jvm.dll+0x81efa9]
V  [jvm.dll+0x3bba01]
V  [jvm.dll+0x807928]
V  [jvm.dll+0x44f50e]
V  [jvm.dll+0x450e11]
C  [jli.dll+0x52a3]
C  [ucrtbase.dll+0x29333]
C  [KERNEL32.DLL+0x1257d]
C  [ntdll.dll+0x5aa48]


---------------  P R O C E S S  ---------------

Threads class SMR info:
_java_thread_list=0x00007ff9102dbb88, length=0, elements={
}

Java Threads: ( => current thread )
Total: 0

Other Threads:
  0x000001dc2652e1a0 WorkerThread "GC Thread#0"                     [id=16956, stack(0x0000000100700000,0x0000000100800000) (1024K)]
  0x000001dc289440e0 ConcurrentGCThread "G1 Main Marker"            [id=5892, stack(0x0000000100800000,0x0000000100900000) (1024K)]
  0x000001dc2652de00 WorkerThread "G1 Conc#0"                       [id=4584, stack(0x0000000100900000,0x0000000100a00000) (1024K)]

[error occurred during error reporting (printing all threads), id 0xc0000005, EXCEPTION_ACCESS_VIOLATION (0xc0000005) at pc=0x00007ff90fa4c6a7]
VM state: not at safepoint (not fully initialized)

VM Mutex/Monitor currently owned by a thread:  ([mutex/lock_event])
[0x00007ff91034ce68] Heap_lock - owner thread: 0x000001dc2654d4c0

Heap address: 0x0000000704800000, size: 4024 MB, Compressed Oops mode: Zero based, Oop shift amount: 3

CDS archive(s) mapped at: [0x0000000000000000-0x0000000000000000-0x0000000000000000), size 0, SharedBaseAddress: 0x0000000800000000, ArchiveRelocationMode: 1.
Narrow klass base: 0x0000000000000000, Narrow klass shift: 0, Narrow klass range: 0x0

GC Precious Log:
 CardTable entry size: 512
 Card Set container configuration: InlinePtr #cards 4 size 8 Array Of Cards #cards 16 size 48 Howl #buckets 8 coarsen threshold 3686 Howl Bitmap #cards 512 size 80 coarsen threshold 460 Card regions per heap region 1 cards per card region 4096

Heap:
 garbage-first heap   total 0K, used 0K [0x0000000704800000, 0x0000000800000000)
  region size 2048K, 0 young (0K), 0 survivors (0K)

[error occurred during error reporting (printing heap information), id 0xc0000005, EXCEPTION_ACCESS_VIOLATION (0xc0000005) at pc=0x00007ff90fe339f9]
GC Heap History (0 events):
No events

Dll operation events (1 events):
Event: 0.003 Loaded shared library C:\Program Files\Java\jdk-21\bin\java.dll

Deoptimization events (0 events):
No events

Classes loaded (0 events):
No events

Classes unloaded (0 events):
No events

Classes redefined (0 events):
No events

Internal exceptions (0 events):
No events

ZGC Phase Switch (0 events):
No events

VM Operations (0 events):
No events

Events (0 events):
No events


Dynamic libraries:
0x00007ff721f90000 - 0x00007ff721fa0000 	C:\Program Files\Java\jdk-21\bin\java.exe
0x00007ff957250000 - 0x00007ff957467000 	C:\WINDOWS\SYSTEM32\ntdll.dll
0x00007ff955790000 - 0x00007ff955854000 	C:\WINDOWS\System32\KERNEL32.DLL
0x00007ff954750000 - 0x00007ff954af7000 	C:\WINDOWS\System32\KERNELBASE.dll
0x00007ff954e30000 - 0x00007ff954f41000 	C:\WINDOWS\System32\ucrtbase.dll
0x00007ff93d8c0000 - 0x00007ff93d8d9000 	C:\Program Files\Java\jdk-21\bin\jli.dll
0x00007ff951340000 - 0x00007ff95135b000 	C:\Program Files\Java\jdk-21\bin\VCRUNTIME140.dll
0x00007ff9560b0000 - 0x00007ff956162000 	C:\WINDOWS\System32\ADVAPI32.dll
0x00007ff956170000 - 0x00007ff956217000 	C:\WINDOWS\System32\msvcrt.dll
0x00007ff955c90000 - 0x00007ff955d38000 	C:\WINDOWS\System32\sechost.dll
0x00007ff954e00000 - 0x00007ff954e28000 	C:\WINDOWS\System32\bcrypt.dll
0x00007ff956270000 - 0x00007ff956385000 	C:\WINDOWS\System32\RPCRT4.dll
0x00007ff955ea0000 - 0x00007ff95604e000 	C:\WINDOWS\System32\USER32.dll
0x00007ff954dd0000 - 0x00007ff954df6000 	C:\WINDOWS\System32\win32u.dll
0x00007ff93e0e0000 - 0x00007ff93e373000 	C:\WINDOWS\WinSxS\amd64_microsoft.windows.common-controls_6595b64144ccf1df_6.0.22621.3527_none_270e469b73872a76\COMCTL32.dll
0x00007ff955060000 - 0x00007ff955089000 	C:\WINDOWS\System32\GDI32.dll
0x00007ff954b70000 - 0x00007ff954c89000 	C:\WINDOWS\System32\gdi32full.dll
0x00007ff9546b0000 - 0x00007ff95474a000 	C:\WINDOWS\System32\msvcp_win.dll
0x00007ff94b3b0000 - 0x00007ff94b3ba000 	C:\WINDOWS\SYSTEM32\VERSION.dll
0x00007ff956220000 - 0x00007ff956251000 	C:\WINDOWS\System32\IMM32.DLL
0x00007ff94f560000 - 0x00007ff94f56c000 	C:\Program Files\Java\jdk-21\bin\vcruntime140_1.dll
0x00007ff9448f0000 - 0x00007ff94497e000 	C:\Program Files\Java\jdk-21\bin\msvcp140.dll
0x00007ff90f710000 - 0x00007ff910427000 	C:\Program Files\Java\jdk-21\bin\server\jvm.dll
0x00007ff956dd0000 - 0x00007ff956e41000 	C:\WINDOWS\System32\WS2_32.dll
0x00007ff953520000 - 0x00007ff95356d000 	C:\WINDOWS\SYSTEM32\POWRPROF.dll
0x00007ff94c540000 - 0x00007ff94c574000 	C:\WINDOWS\SYSTEM32\WINMM.dll
0x00007ff9534b0000 - 0x00007ff9534c3000 	C:\WINDOWS\SYSTEM32\UMPDC.dll
0x00007ff953610000 - 0x00007ff953628000 	C:\WINDOWS\SYSTEM32\kernel.appcore.dll
0x00007ff94c3f0000 - 0x00007ff94c3fa000 	C:\Program Files\Java\jdk-21\bin\jimage.dll
0x00007ff951530000 - 0x00007ff951762000 	C:\WINDOWS\SYSTEM32\DBGHELP.DLL
0x00007ff956e50000 - 0x00007ff9571d8000 	C:\WINDOWS\System32\combase.dll
0x00007ff955d40000 - 0x00007ff955e17000 	C:\WINDOWS\System32\OLEAUT32.dll
0x00007ff931fa0000 - 0x00007ff931fd2000 	C:\WINDOWS\SYSTEM32\dbgcore.DLL
0x00007ff954c90000 - 0x00007ff954d09000 	C:\WINDOWS\System32\bcryptPrimitives.dll
0x00007ff94d5d0000 - 0x00007ff94d5ef000 	C:\Program Files\Java\jdk-21\bin\java.dll

dbghelp: loaded successfully - version: 4.0.5 - missing functions: none
symbol engine: initialized successfully - sym options: 0x614 - pdb path: .;C:\Program Files\Java\jdk-21\bin;C:\WINDOWS\SYSTEM32;C:\WINDOWS\WinSxS\amd64_microsoft.windows.common-controls_6595b64144ccf1df_6.0.22621.3527_none_270e469b73872a76;C:\Program Files\Java\jdk-21\bin\server

VM Arguments:
jvm_args: -Dfile.encoding=UTF-8 --module-path=C:\Users\monst\Documents\NetBeansProjects\HotelManageByDemin\build\classes 
java_command: hotelmanagebydemin.AddCustomer
java_class_path (initial): C:\Users\monst\Documents\NetBeansProjects\mysql-connector-java-8.0.28.jar;C:\Users\monst\Documents\NetBeansProjects\HotelManageByDemin\build\classes
Launcher Type: SUN_STANDARD

[Global flags]
     intx CICompilerCount                          = 12                                        {product} {ergonomic}
     uint ConcGCThreads                            = 4                                         {product} {ergonomic}
     uint G1ConcRefinementThreads                  = 15                                        {product} {ergonomic}
   size_t G1HeapRegionSize                         = 2097152                                   {product} {ergonomic}
    uintx GCDrainStackTargetSize                   = 64                                        {product} {ergonomic}
   size_t InitialHeapSize                          = 264241152                                 {product} {ergonomic}
   size_t MarkStackSize                            = 4194304                                   {product} {ergonomic}
   size_t MaxHeapSize                              = 4219469824                                {product} {ergonomic}
   size_t MinHeapDeltaBytes                        = 2097152                                   {product} {ergonomic}
   size_t MinHeapSize                              = 8388608                                   {product} {ergonomic}
    uintx NonNMethodCodeHeapSize                   = 7602480                                {pd product} {ergonomic}
    uintx NonProfiledCodeHeapSize                  = 122027880                              {pd product} {ergonomic}
    uintx ProfiledCodeHeapSize                     = 122027880                              {pd product} {ergonomic}
    uintx ReservedCodeCacheSize                    = 251658240                              {pd product} {ergonomic}
     bool SegmentedCodeCache                       = true                                      {product} {ergonomic}
   size_t SoftMaxHeapSize                          = 4219469824                             {manageable} {ergonomic}
     bool UseCompressedOops                        = true                           {product lp64_product} {ergonomic}
     bool UseG1GC                                  = true                                      {product} {ergonomic}
     bool UseLargePagesIndividualAllocation        = false                                  {pd product} {ergonomic}

Logging:
Log output configuration:
 #0: stdout all=warning uptime,level,tags foldmultilines=false
 #1: stderr all=off uptime,level,tags foldmultilines=false

Environment Variables:
PATH=C:\Program Files\Common Files\Oracle\Java\javapath;C:\Program Files (x86)\Common Files\Oracle\Java\javapath;C:\python3114\Scripts\;C:\python3114\;C:\Python311\Scripts\;C:\Python311\;C:\Program Files\Microsoft\jdk-11.0.12.7-hotspot\bin;C:\Windows\system32;C:\Windows;C:\Windows\System32\Wbem;C:\Windows\System32\WindowsPowerShell\v1.0\;C:\Windows\System32\OpenSSH\;C:\Program Files\NVIDIA Corporation\NVIDIA NvDLISR;C:\Program Files (x86)\NVIDIA Corporation\PhysX\Common;C:\Program Files\Microsoft SQL Server\150\Tools\Binn\;C:\Program Files\Microsoft SQL Server\Client SDK\ODBC\170\Tools\Binn\;C:\Program Files\dotnet\;C:\Program Files\MATLAB\R2016a\runtime\win64;C:\Program Files\MATLAB\R2016a\bin;C:\Program Files\MATLAB\R2016a\polyspace\bin;C:\Program Files\WireGuard\;C:\Program Files\MATLAB\R2022b\runtime\win64;C:\Program Files\MATLAB\R2022b\bin;C:\WINDOWS\system32;C:\WINDOWS;C:\WINDOWS\System32\Wbem;C:\WINDOWS\System32\WindowsPowerShell\v1.0\;C:\WINDOWS\System32\OpenSSH\;C:\Go\bin;C:\Program Files\Git\cmd;C:\Program Files\nodejs\;C:\Program Files\PuTTY\;C:\Program Files\Docker\Docker\resources\bin;C:\Program Files (x86)\Gpg4win\..\GnuPG\bin;C:\Program Files\MySQL\MySQL Shell 8.0\bin\;C:\python3114\Scripts\;C:\python3114\;C:\Users\monst\AppData\Local\Programs\Python\Launcher\;C:\Users\monst\.cargo\bin;C:\python310\Scripts\;C:\python310\;C:\Users\monst\AppData\Local\Microsoft\WindowsApps;C:\Users\monst\AppData\Local\Programs\Microsoft VS Code\bin;C:\Users\monst\.dotnet\tools;C:\Program Files\JetBrains\PyCharm Community Edition 2022.2.3\bin;;C:\Users\monst\go\bin;C:\Users\monst\AppData\Local\GitHubDesktop\bin;C:\Program Files\JetBrains\PyCharm 2023.2.3\bin;;C:\Users\monst\AppData\Roaming\npm;C:\Program Files\JetBrains\GoLand 2023.2.3\bin;;C:\Users\monst\.encore\bin;C:\Program Files\JetBrains\IntelliJ IDEA Community Edition 2024.1.1\bin;;C:\Users\monst\.dotnet\tools
USERNAME=marfach
OS=Windows_NT
PROCESSOR_IDENTIFIER=Intel64 Family 6 Model 154 Stepping 3, GenuineIntel
TMP=C:\Users\monst\AppData\Local\Temp
TEMP=C:\Users\monst\AppData\Local\Temp




Periodic native trim disabled

---------------  S Y S T E M  ---------------

OS:
 Windows 11 , 64 bit Build 22621 (10.0.22621.3527)
OS uptime: 0 days 18:51 hours
Hyper-V role detected

CPU: total 20 (initial active 20) (10 cores per cpu, 2 threads per core) family 6 model 154 stepping 3 microcode 0x416, cx8, cmov, fxsr, ht, mmx, 3dnowpref, sse, sse2, sse3, ssse3, sse4.1, sse4.2, popcnt, lzcnt, tsc, tscinvbit, avx, avx2, aes, erms, clmul, bmi1, bmi2, adx, sha, fma, vzeroupper, clflush, clflushopt, clwb, hv, serialize, rdtscp, rdpid, fsrm, f16c, cet_ibt, cet_ss
Processor Information for processor 0
  Max Mhz: 1500, Current Mhz: 1500, Mhz Limit: 1500
Processor Information for processor 1
  Max Mhz: 1500, Current Mhz: 1500, Mhz Limit: 1500
Processor Information for processor 2
  Max Mhz: 1500, Current Mhz: 1500, Mhz Limit: 1500
Processor Information for processor 3
  Max Mhz: 1500, Current Mhz: 1500, Mhz Limit: 1500
Processor Information for processor 4
  Max Mhz: 1500, Current Mhz: 1500, Mhz Limit: 1500
Processor Information for processor 5
  Max Mhz: 1500, Current Mhz: 1500, Mhz Limit: 1500
Processor Information for processor 6
  Max Mhz: 1500, Current Mhz: 1500, Mhz Limit: 1500
Processor Information for processor 7
  Max Mhz: 1500, Current Mhz: 1500, Mhz Limit: 1500
Processor Information for processor 8
  Max Mhz: 1500, Current Mhz: 1500, Mhz Limit: 1500
Processor Information for processor 9
  Max Mhz: 1500, Current Mhz: 1500, Mhz Limit: 1500
Processor Information for processor 10
  Max Mhz: 1500, Current Mhz: 1500, Mhz Limit: 1500
Processor Information for processor 11
  Max Mhz: 1500, Current Mhz: 1500, Mhz Limit: 1500
Processor Information for processor 12
  Max Mhz: 1500, Current Mhz: 1100, Mhz Limit: 1095
Processor Information for processor 13
  Max Mhz: 1500, Current Mhz: 1100, Mhz Limit: 1095
Processor Information for processor 14
  Max Mhz: 1500, Current Mhz: 1100, Mhz Limit: 1095
Processor Information for processor 15
  Max Mhz: 1500, Current Mhz: 1100, Mhz Limit: 1095
Processor Information for processor 16
  Max Mhz: 1500, Current Mhz: 1100, Mhz Limit: 1095
Processor Information for processor 17
  Max Mhz: 1500, Current Mhz: 1100, Mhz Limit: 1095
Processor Information for processor 18
  Max Mhz: 1500, Current Mhz: 1100, Mhz Limit: 1095
Processor Information for processor 19
  Max Mhz: 1500, Current Mhz: 1100, Mhz Limit: 1095

Memory: 4k page, system-wide physical 16088M (7380M free)
TotalPageFile size 20184M (AvailPageFile size 240M)
current process WorkingSet (physical memory assigned to process): 12M, peak: 12M
current process commit charge ("private bytes"): 75M, peak: 327M

vm_info: Java HotSpot(TM) 64-Bit Server VM (21.0.2+13-LTS-58) for windows-amd64 JRE (21.0.2+13-LTS-58), built on 2024-01-05T18:32:24Z by "mach5one" with MS VC++ 17.1 (VS2022)

END.
