#
# There is insufficient memory for the Java Runtime Environment to continue.
# Native memory allocation (malloc) failed to allocate 1223856 bytes for Chunk::new
# Possible reasons:
#   The system is out of physical RAM or swap space
#   The process is running with CompressedOops enabled, and the Java Heap may be blocking the growth of the native heap
# Possible solutions:
#   Reduce memory load on the system
#   Increase physical memory or swap space
#   Check if swap backing store is full
#   Decrease Java heap size (-Xmx/-Xms)
#   Decrease number of Java threads
#   Decrease Java thread stack sizes (-Xss)
#   Set larger code cache with -XX:ReservedCodeCacheSize=
#   JVM is running with Zero Based Compressed Oops mode in which the Java heap is
#     placed in the first 32GB address space. The Java Heap base address is the
#     maximum limit for the native heap growth. Please use -XX:HeapBaseMinAddress
#     to set the Java Heap base and to place the Java Heap above 32GB virtual address.
# This output file may be truncated or incomplete.
#
#  Out of Memory Error (arena.cpp:168), pid=9820, tid=14540
#
# JRE version: Java(TM) SE Runtime Environment (21.0.2+13) (build 21.0.2+13-LTS-58)
# Java VM: Java HotSpot(TM) 64-Bit Server VM (21.0.2+13-LTS-58, mixed mode, sharing, tiered, compressed oops, compressed class ptrs, g1 gc, windows-amd64)
# No core dump will be written. Minidumps are not enabled by default on client versions of Windows
#

---------------  S U M M A R Y ------------

Command Line: -Dfile.encoding=UTF-8 --module-path=C:\Users\monst\Documents\NetBeansProjects\HotelManageByDemin\build\classes hotelmanagebydemin.UpdateCheck

Host: 12th Gen Intel(R) Core(TM) i7-12700H, 20 cores, 15G,  Windows 11 , 64 bit Build 22621 (10.0.22621.3527)
Time: Mon May 27 10:39:58 2024 RTZ 2 (s 11 , 64 bit Build 22621 (10.0.22621.3527) elapsed time: 0.452494 seconds (0d 0h 0m 0s)

---------------  T H R E A D  ---------------

Current thread (0x000002b954923310):  JavaThread "C2 CompilerThread2" daemon [_thread_in_native, id=14540, stack(0x000000ee0a100000,0x000000ee0a200000) (1024K)]


Current CompileTask:
C2:    452 1378       4       sun.security.ec.ECOperations::setDouble (463 bytes)

Stack: [0x000000ee0a100000,0x000000ee0a200000]
Native frames: (J=compiled Java code, j=interpreted, Vv=VM code, C=native code)
V  [jvm.dll+0x6cade9]
V  [jvm.dll+0x8569c1]
V  [jvm.dll+0x858d2e]
V  [jvm.dll+0x859413]
V  [jvm.dll+0x280e56]
V  [jvm.dll+0xc3f3d]
V  [jvm.dll+0xc4473]
V  [jvm.dll+0x3b5bf2]
V  [jvm.dll+0x382855]
V  [jvm.dll+0x381cca]
V  [jvm.dll+0x249bd0]
V  [jvm.dll+0x2491b1]
V  [jvm.dll+0x1c9634]
V  [jvm.dll+0x258859]
V  [jvm.dll+0x256e3a]
V  [jvm.dll+0x3ef6c6]
V  [jvm.dll+0x7ff568]
V  [jvm.dll+0x6c953d]
C  [ucrtbase.dll+0x29333]
C  [KERNEL32.DLL+0x1257d]
C  [ntdll.dll+0x5aa48]


---------------  P R O C E S S  ---------------

Threads class SMR info:
_java_thread_list=0x000002b99af2a250, length=23, elements={
0x000002b9345cf950, 0x000002b95464cc80, 0x000002b95464dba0, 0x000002b954652350,
0x000002b954653370, 0x000002b9546541e0, 0x000002b954657870, 0x000002b954660220,
0x000002b954665030, 0x000002b9548e5820, 0x000002b9548ea940, 0x000002b9548eaff0,
0x000002b95490ff90, 0x000002b954923310, 0x000002b954a1e060, 0x000002b954b140e0,
0x000002b954b19070, 0x000002b954b207e0, 0x000002b954b7c0c0, 0x000002b99ac9bd50,
0x000002b99af25c50, 0x000002b99af26300, 0x000002b99ae506c0
}

Java Threads: ( => current thread )
  0x000002b9345cf950 JavaThread "main"                              [_thread_in_vm, id=6700, stack(0x000000ee08d00000,0x000000ee08e00000) (1024K)]
  0x000002b95464cc80 JavaThread "Reference Handler"          daemon [_thread_blocked, id=12556, stack(0x000000ee09500000,0x000000ee09600000) (1024K)]
  0x000002b95464dba0 JavaThread "Finalizer"                  daemon [_thread_blocked, id=2864, stack(0x000000ee09600000,0x000000ee09700000) (1024K)]
  0x000002b954652350 JavaThread "Signal Dispatcher"          daemon [_thread_blocked, id=5664, stack(0x000000ee09700000,0x000000ee09800000) (1024K)]
  0x000002b954653370 JavaThread "Attach Listener"            daemon [_thread_blocked, id=14504, stack(0x000000ee09800000,0x000000ee09900000) (1024K)]
  0x000002b9546541e0 JavaThread "Service Thread"             daemon [_thread_blocked, id=10980, stack(0x000000ee09900000,0x000000ee09a00000) (1024K)]
  0x000002b954657870 JavaThread "Monitor Deflation Thread"   daemon [_thread_blocked, id=9624, stack(0x000000ee09a00000,0x000000ee09b00000) (1024K)]
  0x000002b954660220 JavaThread "C2 CompilerThread0"         daemon [_thread_blocked, id=17532, stack(0x000000ee09b00000,0x000000ee09c00000) (1024K)]
  0x000002b954665030 JavaThread "C1 CompilerThread0"         daemon [_thread_in_native, id=8868, stack(0x000000ee09c00000,0x000000ee09d00000) (1024K)]
  0x000002b9548e5820 JavaThread "Common-Cleaner"             daemon [_thread_blocked, id=6028, stack(0x000000ee09d00000,0x000000ee09e00000) (1024K)]
  0x000002b9548ea940 JavaThread "C1 CompilerThread1"         daemon [_thread_in_native, id=10804, stack(0x000000ee09e00000,0x000000ee09f00000) (1024K)]
  0x000002b9548eaff0 JavaThread "C1 CompilerThread2"         daemon [_thread_in_native, id=9676, stack(0x000000ee09f00000,0x000000ee0a000000) (1024K)]
  0x000002b95490ff90 JavaThread "C2 CompilerThread1"         daemon [_thread_in_native, id=9488, stack(0x000000ee0a000000,0x000000ee0a100000) (1024K)]
=>0x000002b954923310 JavaThread "C2 CompilerThread2"         daemon [_thread_in_native, id=14540, stack(0x000000ee0a100000,0x000000ee0a200000) (1024K)]
  0x000002b954a1e060 JavaThread "Notification Thread"        daemon [_thread_blocked, id=15128, stack(0x000000ee0a200000,0x000000ee0a300000) (1024K)]
  0x000002b954b140e0 JavaThread "Java2D Disposer"            daemon [_thread_blocked, id=18324, stack(0x000000ee0a300000,0x000000ee0a400000) (1024K)]
  0x000002b954b19070 JavaThread "AWT-Shutdown"                      [_thread_blocked, id=9388, stack(0x000000ee0a400000,0x000000ee0a500000) (1024K)]
  0x000002b954b207e0 JavaThread "AWT-Windows"                daemon [_thread_in_native, id=12768, stack(0x000000ee0a500000,0x000000ee0a600000) (1024K)]
  0x000002b954b7c0c0 JavaThread "mysql-cj-abandoned-connection-cleanup" daemon [_thread_blocked, id=10256, stack(0x000000ee0a600000,0x000000ee0a700000) (1024K)]
  0x000002b99ac9bd50 JavaThread "C1 CompilerThread3"         daemon [_thread_in_native, id=10456, stack(0x000000ee0a700000,0x000000ee0a800000) (1024K)]
  0x000002b99af25c50 JavaThread "C2 CompilerThread3"         daemon [_thread_in_native, id=4816, stack(0x000000ee0a800000,0x000000ee0a900000) (1024K)]
  0x000002b99af26300 JavaThread "C2 CompilerThread4"         daemon [_thread_in_native, id=11252, stack(0x000000ee0a900000,0x000000ee0aa00000) (1024K)]
  0x000002b99ae506c0 JavaThread "C2 CompilerThread5"         daemon [_thread_blocked, id=14684, stack(0x000000ee0aa00000,0x000000ee0ab00000) (1024K)]
Total: 23

Other Threads:
  0x000002b95462bfb0 VMThread "VM Thread"                           [id=16196, stack(0x000000ee09400000,0x000000ee09500000) (1024K)]
  0x000002b9546159c0 WatcherThread "VM Periodic Task Thread"        [id=18024, stack(0x000000ee09300000,0x000000ee09400000) (1024K)]
  0x000002b93462f750 WorkerThread "GC Thread#0"                     [id=4944, stack(0x000000ee08e00000,0x000000ee08f00000) (1024K)]
  0x000002b9346402b0 ConcurrentGCThread "G1 Main Marker"            [id=11632, stack(0x000000ee08f00000,0x000000ee09000000) (1024K)]
  0x000002b934640db0 WorkerThread "G1 Conc#0"                       [id=13784, stack(0x000000ee09000000,0x000000ee09100000) (1024K)]
  0x000002b9544e86b0 ConcurrentGCThread "G1 Refine#0"               [id=3828, stack(0x000000ee09100000,0x000000ee09200000) (1024K)]
  0x000002b9544e9030 ConcurrentGCThread "G1 Service"                [id=16692, stack(0x000000ee09200000,0x000000ee09300000) (1024K)]
Total: 7

Threads with active compile tasks:
C1 CompilerThread0      462 1636       3       java.util.Locale::forLanguageTag (74 bytes)
C1 CompilerThread1      462 1637       3       sun.util.locale.LanguageTag::parse (205 bytes)
C1 CompilerThread2      463 1639       3       sun.util.locale.ParseStatus::reset (16 bytes)
C2 CompilerThread1      463 1594       4       java.util.regex.Matcher::search (154 bytes)
C2 CompilerThread2      463 1378       4       sun.security.ec.ECOperations::setDouble (463 bytes)
C1 CompilerThread3      463 1662       3       sun.util.locale.LocaleUtils::toTitleString (139 bytes)
C2 CompilerThread3      463 1593       4       java.util.regex.Pattern$BmpCharPropertyGreedy::match (89 bytes)
C2 CompilerThread4      463 1609       4       java.util.HashMap::get (19 bytes)
Total: 8

VM state: not at safepoint (normal execution)

VM Mutex/Monitor currently owned by a thread:  ([mutex/lock_event])
[0x00007ff91034b8e8] MethodCompileQueue_lock - owner thread: 0x000002b954665030
[0x00007ff91034cc68] CodeCache_lock - owner thread: 0x0000000000000000

Heap address: 0x0000000704800000, size: 4024 MB, Compressed Oops mode: Zero based, Oop shift amount: 3

CDS archive(s) mapped at: [0x000002b955000000-0x000002b955c90000-0x000002b955c90000), size 13172736, SharedBaseAddress: 0x000002b955000000, ArchiveRelocationMode: 1.
Compressed class space mapped at: 0x000002b956000000-0x000002b996000000, reserved size: 1073741824
Narrow klass base: 0x000002b955000000, Narrow klass shift: 0, Narrow klass range: 0x100000000

GC Precious Log:
 CardTable entry size: 512
 Card Set container configuration: InlinePtr #cards 4 size 8 Array Of Cards #cards 16 size 48 Howl #buckets 8 coarsen threshold 3686 Howl Bitmap #cards 512 size 80 coarsen threshold 460 Card regions per heap region 1 cards per card region 4096
 CPUs: 20 total, 20 available
 Memory: 16088M
 Large Page Support: Disabled
 NUMA Support: Disabled
 Compressed Oops: Enabled (Zero based)
 Heap Region Size: 2M
 Heap Min Capacity: 8M
 Heap Initial Capacity: 252M
 Heap Max Capacity: 4024M
 Pre-touch: Disabled
 Parallel Workers: 15
 Concurrent Workers: 4
 Concurrent Refinement Workers: 15
 Periodic GC: Disabled

Heap:
 garbage-first heap   total 258048K, used 20480K [0x0000000704800000, 0x0000000800000000)
  region size 2048K, 11 young (22528K), 0 survivors (0K)
 Metaspace       used 13541K, committed 13760K, reserved 1114112K
  class space    used 1448K, committed 1536K, reserved 1048576K

Heap Regions: E=young(eden), S=young(survivor), O=old, HS=humongous(starts), HC=humongous(continues), CS=collection set, F=free, TAMS=top-at-mark-start, PB=parsable bottom
|   0|0x0000000704800000, 0x0000000704800000, 0x0000000704a00000|  0%| F|  |TAMS 0x0000000704800000| PB 0x0000000704800000| Untracked 
|   1|0x0000000704a00000, 0x0000000704a00000, 0x0000000704c00000|  0%| F|  |TAMS 0x0000000704a00000| PB 0x0000000704a00000| Untracked 
|   2|0x0000000704c00000, 0x0000000704c00000, 0x0000000704e00000|  0%| F|  |TAMS 0x0000000704c00000| PB 0x0000000704c00000| Untracked 
|   3|0x0000000704e00000, 0x0000000704e00000, 0x0000000705000000|  0%| F|  |TAMS 0x0000000704e00000| PB 0x0000000704e00000| Untracked 
|   4|0x0000000705000000, 0x0000000705000000, 0x0000000705200000|  0%| F|  |TAMS 0x0000000705000000| PB 0x0000000705000000| Untracked 
|   5|0x0000000705200000, 0x0000000705200000, 0x0000000705400000|  0%| F|  |TAMS 0x0000000705200000| PB 0x0000000705200000| Untracked 
|   6|0x0000000705400000, 0x0000000705400000, 0x0000000705600000|  0%| F|  |TAMS 0x0000000705400000| PB 0x0000000705400000| Untracked 
|   7|0x0000000705600000, 0x0000000705600000, 0x0000000705800000|  0%| F|  |TAMS 0x0000000705600000| PB 0x0000000705600000| Untracked 
|   8|0x0000000705800000, 0x0000000705800000, 0x0000000705a00000|  0%| F|  |TAMS 0x0000000705800000| PB 0x0000000705800000| Untracked 
|   9|0x0000000705a00000, 0x0000000705a00000, 0x0000000705c00000|  0%| F|  |TAMS 0x0000000705a00000| PB 0x0000000705a00000| Untracked 
|  10|0x0000000705c00000, 0x0000000705c00000, 0x0000000705e00000|  0%| F|  |TAMS 0x0000000705c00000| PB 0x0000000705c00000| Untracked 
|  11|0x0000000705e00000, 0x0000000705e00000, 0x0000000706000000|  0%| F|  |TAMS 0x0000000705e00000| PB 0x0000000705e00000| Untracked 
|  12|0x0000000706000000, 0x0000000706000000, 0x0000000706200000|  0%| F|  |TAMS 0x0000000706000000| PB 0x0000000706000000| Untracked 
|  13|0x0000000706200000, 0x0000000706200000, 0x0000000706400000|  0%| F|  |TAMS 0x0000000706200000| PB 0x0000000706200000| Untracked 
|  14|0x0000000706400000, 0x0000000706400000, 0x0000000706600000|  0%| F|  |TAMS 0x0000000706400000| PB 0x0000000706400000| Untracked 
|  15|0x0000000706600000, 0x0000000706600000, 0x0000000706800000|  0%| F|  |TAMS 0x0000000706600000| PB 0x0000000706600000| Untracked 
|  16|0x0000000706800000, 0x0000000706800000, 0x0000000706a00000|  0%| F|  |TAMS 0x0000000706800000| PB 0x0000000706800000| Untracked 
|  17|0x0000000706a00000, 0x0000000706a00000, 0x0000000706c00000|  0%| F|  |TAMS 0x0000000706a00000| PB 0x0000000706a00000| Untracked 
|  18|0x0000000706c00000, 0x0000000706c00000, 0x0000000706e00000|  0%| F|  |TAMS 0x0000000706c00000| PB 0x0000000706c00000| Untracked 
|  19|0x0000000706e00000, 0x0000000706e00000, 0x0000000707000000|  0%| F|  |TAMS 0x0000000706e00000| PB 0x0000000706e00000| Untracked 
|  20|0x0000000707000000, 0x0000000707000000, 0x0000000707200000|  0%| F|  |TAMS 0x0000000707000000| PB 0x0000000707000000| Untracked 
|  21|0x0000000707200000, 0x0000000707200000, 0x0000000707400000|  0%| F|  |TAMS 0x0000000707200000| PB 0x0000000707200000| Untracked 
|  22|0x0000000707400000, 0x0000000707400000, 0x0000000707600000|  0%| F|  |TAMS 0x0000000707400000| PB 0x0000000707400000| Untracked 
|  23|0x0000000707600000, 0x0000000707600000, 0x0000000707800000|  0%| F|  |TAMS 0x0000000707600000| PB 0x0000000707600000| Untracked 
|  24|0x0000000707800000, 0x0000000707800000, 0x0000000707a00000|  0%| F|  |TAMS 0x0000000707800000| PB 0x0000000707800000| Untracked 
|  25|0x0000000707a00000, 0x0000000707a00000, 0x0000000707c00000|  0%| F|  |TAMS 0x0000000707a00000| PB 0x0000000707a00000| Untracked 
|  26|0x0000000707c00000, 0x0000000707c00000, 0x0000000707e00000|  0%| F|  |TAMS 0x0000000707c00000| PB 0x0000000707c00000| Untracked 
|  27|0x0000000707e00000, 0x0000000707e00000, 0x0000000708000000|  0%| F|  |TAMS 0x0000000707e00000| PB 0x0000000707e00000| Untracked 
|  28|0x0000000708000000, 0x0000000708000000, 0x0000000708200000|  0%| F|  |TAMS 0x0000000708000000| PB 0x0000000708000000| Untracked 
|  29|0x0000000708200000, 0x0000000708200000, 0x0000000708400000|  0%| F|  |TAMS 0x0000000708200000| PB 0x0000000708200000| Untracked 
|  30|0x0000000708400000, 0x0000000708400000, 0x0000000708600000|  0%| F|  |TAMS 0x0000000708400000| PB 0x0000000708400000| Untracked 
|  31|0x0000000708600000, 0x0000000708600000, 0x0000000708800000|  0%| F|  |TAMS 0x0000000708600000| PB 0x0000000708600000| Untracked 
|  32|0x0000000708800000, 0x0000000708800000, 0x0000000708a00000|  0%| F|  |TAMS 0x0000000708800000| PB 0x0000000708800000| Untracked 
|  33|0x0000000708a00000, 0x0000000708a00000, 0x0000000708c00000|  0%| F|  |TAMS 0x0000000708a00000| PB 0x0000000708a00000| Untracked 
|  34|0x0000000708c00000, 0x0000000708c00000, 0x0000000708e00000|  0%| F|  |TAMS 0x0000000708c00000| PB 0x0000000708c00000| Untracked 
|  35|0x0000000708e00000, 0x0000000708e00000, 0x0000000709000000|  0%| F|  |TAMS 0x0000000708e00000| PB 0x0000000708e00000| Untracked 
|  36|0x0000000709000000, 0x0000000709000000, 0x0000000709200000|  0%| F|  |TAMS 0x0000000709000000| PB 0x0000000709000000| Untracked 
|  37|0x0000000709200000, 0x0000000709200000, 0x0000000709400000|  0%| F|  |TAMS 0x0000000709200000| PB 0x0000000709200000| Untracked 
|  38|0x0000000709400000, 0x0000000709400000, 0x0000000709600000|  0%| F|  |TAMS 0x0000000709400000| PB 0x0000000709400000| Untracked 
|  39|0x0000000709600000, 0x0000000709600000, 0x0000000709800000|  0%| F|  |TAMS 0x0000000709600000| PB 0x0000000709600000| Untracked 
|  40|0x0000000709800000, 0x0000000709800000, 0x0000000709a00000|  0%| F|  |TAMS 0x0000000709800000| PB 0x0000000709800000| Untracked 
|  41|0x0000000709a00000, 0x0000000709a00000, 0x0000000709c00000|  0%| F|  |TAMS 0x0000000709a00000| PB 0x0000000709a00000| Untracked 
|  42|0x0000000709c00000, 0x0000000709c00000, 0x0000000709e00000|  0%| F|  |TAMS 0x0000000709c00000| PB 0x0000000709c00000| Untracked 
|  43|0x0000000709e00000, 0x0000000709e00000, 0x000000070a000000|  0%| F|  |TAMS 0x0000000709e00000| PB 0x0000000709e00000| Untracked 
|  44|0x000000070a000000, 0x000000070a000000, 0x000000070a200000|  0%| F|  |TAMS 0x000000070a000000| PB 0x000000070a000000| Untracked 
|  45|0x000000070a200000, 0x000000070a200000, 0x000000070a400000|  0%| F|  |TAMS 0x000000070a200000| PB 0x000000070a200000| Untracked 
|  46|0x000000070a400000, 0x000000070a400000, 0x000000070a600000|  0%| F|  |TAMS 0x000000070a400000| PB 0x000000070a400000| Untracked 
|  47|0x000000070a600000, 0x000000070a600000, 0x000000070a800000|  0%| F|  |TAMS 0x000000070a600000| PB 0x000000070a600000| Untracked 
|  48|0x000000070a800000, 0x000000070a800000, 0x000000070aa00000|  0%| F|  |TAMS 0x000000070a800000| PB 0x000000070a800000| Untracked 
|  49|0x000000070aa00000, 0x000000070aa00000, 0x000000070ac00000|  0%| F|  |TAMS 0x000000070aa00000| PB 0x000000070aa00000| Untracked 
|  50|0x000000070ac00000, 0x000000070ac00000, 0x000000070ae00000|  0%| F|  |TAMS 0x000000070ac00000| PB 0x000000070ac00000| Untracked 
|  51|0x000000070ae00000, 0x000000070ae00000, 0x000000070b000000|  0%| F|  |TAMS 0x000000070ae00000| PB 0x000000070ae00000| Untracked 
|  52|0x000000070b000000, 0x000000070b000000, 0x000000070b200000|  0%| F|  |TAMS 0x000000070b000000| PB 0x000000070b000000| Untracked 
|  53|0x000000070b200000, 0x000000070b200000, 0x000000070b400000|  0%| F|  |TAMS 0x000000070b200000| PB 0x000000070b200000| Untracked 
|  54|0x000000070b400000, 0x000000070b400000, 0x000000070b600000|  0%| F|  |TAMS 0x000000070b400000| PB 0x000000070b400000| Untracked 
|  55|0x000000070b600000, 0x000000070b600000, 0x000000070b800000|  0%| F|  |TAMS 0x000000070b600000| PB 0x000000070b600000| Untracked 
|  56|0x000000070b800000, 0x000000070b800000, 0x000000070ba00000|  0%| F|  |TAMS 0x000000070b800000| PB 0x000000070b800000| Untracked 
|  57|0x000000070ba00000, 0x000000070ba00000, 0x000000070bc00000|  0%| F|  |TAMS 0x000000070ba00000| PB 0x000000070ba00000| Untracked 
|  58|0x000000070bc00000, 0x000000070bc00000, 0x000000070be00000|  0%| F|  |TAMS 0x000000070bc00000| PB 0x000000070bc00000| Untracked 
|  59|0x000000070be00000, 0x000000070be00000, 0x000000070c000000|  0%| F|  |TAMS 0x000000070be00000| PB 0x000000070be00000| Untracked 
|  60|0x000000070c000000, 0x000000070c000000, 0x000000070c200000|  0%| F|  |TAMS 0x000000070c000000| PB 0x000000070c000000| Untracked 
|  61|0x000000070c200000, 0x000000070c200000, 0x000000070c400000|  0%| F|  |TAMS 0x000000070c200000| PB 0x000000070c200000| Untracked 
|  62|0x000000070c400000, 0x000000070c400000, 0x000000070c600000|  0%| F|  |TAMS 0x000000070c400000| PB 0x000000070c400000| Untracked 
|  63|0x000000070c600000, 0x000000070c600000, 0x000000070c800000|  0%| F|  |TAMS 0x000000070c600000| PB 0x000000070c600000| Untracked 
|  64|0x000000070c800000, 0x000000070c800000, 0x000000070ca00000|  0%| F|  |TAMS 0x000000070c800000| PB 0x000000070c800000| Untracked 
|  65|0x000000070ca00000, 0x000000070ca00000, 0x000000070cc00000|  0%| F|  |TAMS 0x000000070ca00000| PB 0x000000070ca00000| Untracked 
|  66|0x000000070cc00000, 0x000000070cc00000, 0x000000070ce00000|  0%| F|  |TAMS 0x000000070cc00000| PB 0x000000070cc00000| Untracked 
|  67|0x000000070ce00000, 0x000000070ce00000, 0x000000070d000000|  0%| F|  |TAMS 0x000000070ce00000| PB 0x000000070ce00000| Untracked 
|  68|0x000000070d000000, 0x000000070d000000, 0x000000070d200000|  0%| F|  |TAMS 0x000000070d000000| PB 0x000000070d000000| Untracked 
|  69|0x000000070d200000, 0x000000070d200000, 0x000000070d400000|  0%| F|  |TAMS 0x000000070d200000| PB 0x000000070d200000| Untracked 
|  70|0x000000070d400000, 0x000000070d400000, 0x000000070d600000|  0%| F|  |TAMS 0x000000070d400000| PB 0x000000070d400000| Untracked 
|  71|0x000000070d600000, 0x000000070d600000, 0x000000070d800000|  0%| F|  |TAMS 0x000000070d600000| PB 0x000000070d600000| Untracked 
|  72|0x000000070d800000, 0x000000070d800000, 0x000000070da00000|  0%| F|  |TAMS 0x000000070d800000| PB 0x000000070d800000| Untracked 
|  73|0x000000070da00000, 0x000000070da00000, 0x000000070dc00000|  0%| F|  |TAMS 0x000000070da00000| PB 0x000000070da00000| Untracked 
|  74|0x000000070dc00000, 0x000000070dc00000, 0x000000070de00000|  0%| F|  |TAMS 0x000000070dc00000| PB 0x000000070dc00000| Untracked 
|  75|0x000000070de00000, 0x000000070de00000, 0x000000070e000000|  0%| F|  |TAMS 0x000000070de00000| PB 0x000000070de00000| Untracked 
|  76|0x000000070e000000, 0x000000070e000000, 0x000000070e200000|  0%| F|  |TAMS 0x000000070e000000| PB 0x000000070e000000| Untracked 
|  77|0x000000070e200000, 0x000000070e200000, 0x000000070e400000|  0%| F|  |TAMS 0x000000070e200000| PB 0x000000070e200000| Untracked 
|  78|0x000000070e400000, 0x000000070e400000, 0x000000070e600000|  0%| F|  |TAMS 0x000000070e400000| PB 0x000000070e400000| Untracked 
|  79|0x000000070e600000, 0x000000070e600000, 0x000000070e800000|  0%| F|  |TAMS 0x000000070e600000| PB 0x000000070e600000| Untracked 
|  80|0x000000070e800000, 0x000000070e800000, 0x000000070ea00000|  0%| F|  |TAMS 0x000000070e800000| PB 0x000000070e800000| Untracked 
|  81|0x000000070ea00000, 0x000000070ea00000, 0x000000070ec00000|  0%| F|  |TAMS 0x000000070ea00000| PB 0x000000070ea00000| Untracked 
|  82|0x000000070ec00000, 0x000000070ec00000, 0x000000070ee00000|  0%| F|  |TAMS 0x000000070ec00000| PB 0x000000070ec00000| Untracked 
|  83|0x000000070ee00000, 0x000000070ee00000, 0x000000070f000000|  0%| F|  |TAMS 0x000000070ee00000| PB 0x000000070ee00000| Untracked 
|  84|0x000000070f000000, 0x000000070f000000, 0x000000070f200000|  0%| F|  |TAMS 0x000000070f000000| PB 0x000000070f000000| Untracked 
|  85|0x000000070f200000, 0x000000070f200000, 0x000000070f400000|  0%| F|  |TAMS 0x000000070f200000| PB 0x000000070f200000| Untracked 
|  86|0x000000070f400000, 0x000000070f400000, 0x000000070f600000|  0%| F|  |TAMS 0x000000070f400000| PB 0x000000070f400000| Untracked 
|  87|0x000000070f600000, 0x000000070f600000, 0x000000070f800000|  0%| F|  |TAMS 0x000000070f600000| PB 0x000000070f600000| Untracked 
|  88|0x000000070f800000, 0x000000070f800000, 0x000000070fa00000|  0%| F|  |TAMS 0x000000070f800000| PB 0x000000070f800000| Untracked 
|  89|0x000000070fa00000, 0x000000070fa00000, 0x000000070fc00000|  0%| F|  |TAMS 0x000000070fa00000| PB 0x000000070fa00000| Untracked 
|  90|0x000000070fc00000, 0x000000070fc00000, 0x000000070fe00000|  0%| F|  |TAMS 0x000000070fc00000| PB 0x000000070fc00000| Untracked 
|  91|0x000000070fe00000, 0x000000070fe00000, 0x0000000710000000|  0%| F|  |TAMS 0x000000070fe00000| PB 0x000000070fe00000| Untracked 
|  92|0x0000000710000000, 0x0000000710000000, 0x0000000710200000|  0%| F|  |TAMS 0x0000000710000000| PB 0x0000000710000000| Untracked 
|  93|0x0000000710200000, 0x0000000710200000, 0x0000000710400000|  0%| F|  |TAMS 0x0000000710200000| PB 0x0000000710200000| Untracked 
|  94|0x0000000710400000, 0x0000000710400000, 0x0000000710600000|  0%| F|  |TAMS 0x0000000710400000| PB 0x0000000710400000| Untracked 
|  95|0x0000000710600000, 0x0000000710600000, 0x0000000710800000|  0%| F|  |TAMS 0x0000000710600000| PB 0x0000000710600000| Untracked 
|  96|0x0000000710800000, 0x0000000710800000, 0x0000000710a00000|  0%| F|  |TAMS 0x0000000710800000| PB 0x0000000710800000| Untracked 
|  97|0x0000000710a00000, 0x0000000710a00000, 0x0000000710c00000|  0%| F|  |TAMS 0x0000000710a00000| PB 0x0000000710a00000| Untracked 
|  98|0x0000000710c00000, 0x0000000710c00000, 0x0000000710e00000|  0%| F|  |TAMS 0x0000000710c00000| PB 0x0000000710c00000| Untracked 
|  99|0x0000000710e00000, 0x0000000710e00000, 0x0000000711000000|  0%| F|  |TAMS 0x0000000710e00000| PB 0x0000000710e00000| Untracked 
| 100|0x0000000711000000, 0x0000000711000000, 0x0000000711200000|  0%| F|  |TAMS 0x0000000711000000| PB 0x0000000711000000| Untracked 
| 101|0x0000000711200000, 0x0000000711200000, 0x0000000711400000|  0%| F|  |TAMS 0x0000000711200000| PB 0x0000000711200000| Untracked 
| 102|0x0000000711400000, 0x0000000711400000, 0x0000000711600000|  0%| F|  |TAMS 0x0000000711400000| PB 0x0000000711400000| Untracked 
| 103|0x0000000711600000, 0x0000000711600000, 0x0000000711800000|  0%| F|  |TAMS 0x0000000711600000| PB 0x0000000711600000| Untracked 
| 104|0x0000000711800000, 0x0000000711800000, 0x0000000711a00000|  0%| F|  |TAMS 0x0000000711800000| PB 0x0000000711800000| Untracked 
| 105|0x0000000711a00000, 0x0000000711a00000, 0x0000000711c00000|  0%| F|  |TAMS 0x0000000711a00000| PB 0x0000000711a00000| Untracked 
| 106|0x0000000711c00000, 0x0000000711c00000, 0x0000000711e00000|  0%| F|  |TAMS 0x0000000711c00000| PB 0x0000000711c00000| Untracked 
| 107|0x0000000711e00000, 0x0000000711e00000, 0x0000000712000000|  0%| F|  |TAMS 0x0000000711e00000| PB 0x0000000711e00000| Untracked 
| 108|0x0000000712000000, 0x0000000712000000, 0x0000000712200000|  0%| F|  |TAMS 0x0000000712000000| PB 0x0000000712000000| Untracked 
| 109|0x0000000712200000, 0x0000000712200000, 0x0000000712400000|  0%| F|  |TAMS 0x0000000712200000| PB 0x0000000712200000| Untracked 
| 110|0x0000000712400000, 0x0000000712400000, 0x0000000712600000|  0%| F|  |TAMS 0x0000000712400000| PB 0x0000000712400000| Untracked 
| 111|0x0000000712600000, 0x0000000712600000, 0x0000000712800000|  0%| F|  |TAMS 0x0000000712600000| PB 0x0000000712600000| Untracked 
| 112|0x0000000712800000, 0x0000000712800000, 0x0000000712a00000|  0%| F|  |TAMS 0x0000000712800000| PB 0x0000000712800000| Untracked 
| 113|0x0000000712a00000, 0x0000000712a00000, 0x0000000712c00000|  0%| F|  |TAMS 0x0000000712a00000| PB 0x0000000712a00000| Untracked 
| 114|0x0000000712c00000, 0x0000000712c00000, 0x0000000712e00000|  0%| F|  |TAMS 0x0000000712c00000| PB 0x0000000712c00000| Untracked 
| 115|0x0000000712e00000, 0x0000000712e71258, 0x0000000713000000| 22%| E|  |TAMS 0x0000000712e00000| PB 0x0000000712e00000| Complete 
| 116|0x0000000713000000, 0x0000000713200000, 0x0000000713200000|100%| E|CS|TAMS 0x0000000713000000| PB 0x0000000713000000| Complete 
| 117|0x0000000713200000, 0x0000000713400000, 0x0000000713400000|100%| E|CS|TAMS 0x0000000713200000| PB 0x0000000713200000| Complete 
| 118|0x0000000713400000, 0x0000000713600000, 0x0000000713600000|100%| E|CS|TAMS 0x0000000713400000| PB 0x0000000713400000| Complete 
| 119|0x0000000713600000, 0x0000000713800000, 0x0000000713800000|100%| E|CS|TAMS 0x0000000713600000| PB 0x0000000713600000| Complete 
| 120|0x0000000713800000, 0x0000000713a00000, 0x0000000713a00000|100%| E|CS|TAMS 0x0000000713800000| PB 0x0000000713800000| Complete 
| 121|0x0000000713a00000, 0x0000000713c00000, 0x0000000713c00000|100%| E|CS|TAMS 0x0000000713a00000| PB 0x0000000713a00000| Complete 
| 122|0x0000000713c00000, 0x0000000713e00000, 0x0000000713e00000|100%| E|CS|TAMS 0x0000000713c00000| PB 0x0000000713c00000| Complete 
| 123|0x0000000713e00000, 0x0000000714000000, 0x0000000714000000|100%| E|CS|TAMS 0x0000000713e00000| PB 0x0000000713e00000| Complete 
| 124|0x0000000714000000, 0x0000000714200000, 0x0000000714200000|100%| E|CS|TAMS 0x0000000714000000| PB 0x0000000714000000| Complete 
| 125|0x0000000714200000, 0x0000000714400000, 0x0000000714400000|100%| E|CS|TAMS 0x0000000714200000| PB 0x0000000714200000| Complete 

Card table byte_map: [0x000002b94ccd0000,0x000002b94d4b0000] _byte_map_base: 0x000002b9494ac000

Marking Bits: (CMBitMap*) 0x000002b93462fe50
 Bits: [0x000002b94d4b0000, 0x000002b951390000)

Polling page: 0x000002b9324c0000

Metaspace:

Usage:
  Non-class:     11.82 MB used.
      Class:      1.41 MB used.
       Both:     13.23 MB used.

Virtual space:
  Non-class space:       64.00 MB reserved,      11.94 MB ( 19%) committed,  1 nodes.
      Class space:        1.00 GB reserved,       1.50 MB ( <1%) committed,  1 nodes.
             Both:        1.06 GB reserved,      13.44 MB (  1%) committed. 

Chunk freelists:
   Non-Class:  3.97 MB
       Class:  14.52 MB
        Both:  18.48 MB

MaxMetaspaceSize: unlimited
CompressedClassSpaceSize: 1.00 GB
Initial GC threshold: 21.00 MB
Current GC threshold: 21.00 MB
CDS: on
 - commit_granule_bytes: 65536.
 - commit_granule_words: 8192.
 - virtual_space_node_default_size: 8388608.
 - enlarge_chunks_in_place: 1.
 - use_allocation_guard: 0.


Internal statistics:

num_allocs_failed_limit: 0.
num_arena_births: 156.
num_arena_deaths: 0.
num_vsnodes_births: 2.
num_vsnodes_deaths: 0.
num_space_committed: 215.
num_space_uncommitted: 0.
num_chunks_returned_to_freelist: 0.
num_chunks_taken_from_freelist: 332.
num_chunk_merges: 0.
num_chunk_splits: 208.
num_chunks_enlarged: 122.
num_inconsistent_stats: 0.

CodeHeap 'non-profiled nmethods': size=119168Kb used=539Kb max_used=539Kb free=118628Kb
 bounds [0x000002b9445d0000, 0x000002b944840000, 0x000002b94ba30000]
CodeHeap 'profiled nmethods': size=119104Kb used=2980Kb max_used=2980Kb free=116123Kb
 bounds [0x000002b93ca30000, 0x000002b93cd20000, 0x000002b943e80000]
CodeHeap 'non-nmethods': size=7488Kb used=3256Kb max_used=3285Kb free=4231Kb
 bounds [0x000002b943e80000, 0x000002b9441c0000, 0x000002b9445d0000]
 total_blobs=2280 nmethods=1649 adapters=533
 compilation: enabled
              stopped_count=0, restarted_count=0
 full_count=0

Compilation events (20 events):
Event: 0.444 Thread 0x000002b954665030 nmethod 1513 0x000002b93ccc4710 code [0x000002b93ccc4940, 0x000002b93ccc4ef8]
Event: 0.444 Thread 0x000002b9548eaff0 nmethod 1515 0x000002b93ccc5110 code [0x000002b93ccc52a0, 0x000002b93ccc53d8]
Event: 0.444 Thread 0x000002b9548ea940 nmethod 1514 0x000002b93ccc5490 code [0x000002b93ccc56e0, 0x000002b93ccc5eb8]
Event: 0.444 Thread 0x000002b954665030 1516       3       java.util.WeakHashMap::put (160 bytes)
Event: 0.444 Thread 0x000002b9548eaff0 1517       3       java.util.WeakHashMap$Entry::<init> (24 bytes)
Event: 0.444 Thread 0x000002b9548ea940 1518   !   3       jdk.internal.ref.PhantomCleanable::remove (60 bytes)
Event: 0.444 Thread 0x000002b9548eaff0 nmethod 1517 0x000002b93ccc6210 code [0x000002b93ccc63e0, 0x000002b93ccc67e8]
Event: 0.444 Thread 0x000002b9548ea940 nmethod 1518 0x000002b93ccc6910 code [0x000002b93ccc6ae0, 0x000002b93ccc6f38]
Event: 0.444 Thread 0x000002b954665030 nmethod 1516 0x000002b93ccc7110 code [0x000002b93ccc73a0, 0x000002b93ccc8398]
Event: 0.444 Thread 0x000002b9548ea940 1519       3       java.util.ArrayDeque::addLast (51 bytes)
Event: 0.445 Thread 0x000002b9548ea940 nmethod 1519 0x000002b93ccc8890 code [0x000002b93ccc8a80, 0x000002b93ccc8f48]
Event: 0.445 Thread 0x000002b99ac9bd50 nmethod 1506 0x000002b93ccc9110 code [0x000002b93ccc9720, 0x000002b93ccccbe8]
Event: 0.445 Thread 0x000002b9548eaff0 1520       3       java.util.Collections$SetFromMap::add (22 bytes)
Event: 0.445 Thread 0x000002b9548eaff0 nmethod 1520 0x000002b93ccce990 code [0x000002b93ccceb40, 0x000002b93ccced80]
Event: 0.447 Thread 0x000002b95490ff90 1521 %     4       com.sun.crypto.provider.GHASH::blockMult @ 121 (245 bytes)
Event: 0.447 Thread 0x000002b9548eaff0 1522       3       java.nio.Buffer::hasRemaining (17 bytes)
Event: 0.447 Thread 0x000002b9548eaff0 nmethod 1522 0x000002b93cccee90 code [0x000002b93cccf020, 0x000002b93cccf188]
Event: 0.447 Thread 0x000002b9548eaff0 1523       3       sun.security.ssl.TransportContext::isInboundClosed (8 bytes)
Event: 0.447 Thread 0x000002b9548eaff0 nmethod 1523 0x000002b93cccf210 code [0x000002b93cccf3a0, 0x000002b93cccf558]
Event: 0.447 Thread 0x000002b99ac9bd50 1524       1       com.mysql.cj.protocol.a.NativeProtocol::getServerSession (5 bytes)

GC Heap History (0 events):
No events

Dll operation events (9 events):
Event: 0.004 Loaded shared library C:\Program Files\Java\jdk-21\bin\java.dll
Event: 0.023 Loaded shared library C:\Program Files\Java\jdk-21\bin\jsvml.dll
Event: 0.038 Loaded shared library C:\Program Files\Java\jdk-21\bin\net.dll
Event: 0.039 Loaded shared library C:\Program Files\Java\jdk-21\bin\nio.dll
Event: 0.050 Loaded shared library C:\Program Files\Java\jdk-21\bin\zip.dll
Event: 0.056 Loaded shared library C:\Program Files\Java\jdk-21\bin\jimage.dll
Event: 0.064 Loaded shared library C:\Program Files\Java\jdk-21\bin\awt.dll
Event: 0.217 Loaded shared library C:\Program Files\Java\jdk-21\bin\extnet.dll
Event: 0.272 Loaded shared library C:\Program Files\Java\jdk-21\bin\sunmscapi.dll

Deoptimization events (20 events):
Event: 0.306 Thread 0x000002b9345cf950 DEOPT PACKING pc=0x000002b944621920 sp=0x000000ee08dfc750
Event: 0.306 Thread 0x000002b9345cf950 DEOPT UNPACKING pc=0x000002b943ed46a2 sp=0x000000ee08dfc6c0 mode 2
Event: 0.307 Thread 0x000002b9345cf950 Uncommon trap: trap_request=0xffffffc6 fr.pc=0x000002b944621920 relative=0x0000000000000340
Event: 0.307 Thread 0x000002b9345cf950 Uncommon trap: reason=bimorphic_or_optimized_type_check action=maybe_recompile pc=0x000002b944621920 method=java.util.concurrent.ConcurrentHashMap.get(Ljava/lang/Object;)Ljava/lang/Object; @ 149 c2
Event: 0.307 Thread 0x000002b9345cf950 DEOPT PACKING pc=0x000002b944621920 sp=0x000000ee08dfc3e0
Event: 0.307 Thread 0x000002b9345cf950 DEOPT UNPACKING pc=0x000002b943ed46a2 sp=0x000000ee08dfc350 mode 2
Event: 0.322 Thread 0x000002b9345cf950 DEOPT PACKING pc=0x000002b93cbb1a7c sp=0x000000ee08dfd460
Event: 0.322 Thread 0x000002b9345cf950 DEOPT UNPACKING pc=0x000002b943ed4e42 sp=0x000000ee08dfc898 mode 0
Event: 0.334 Thread 0x000002b9345cf950 Uncommon trap: trap_request=0xffffff45 fr.pc=0x000002b944629adc relative=0x000000000000027c
Event: 0.334 Thread 0x000002b9345cf950 Uncommon trap: reason=unstable_if action=reinterpret pc=0x000002b944629adc method=java.util.HashMap.putVal(ILjava/lang/Object;Ljava/lang/Object;ZZ)Ljava/lang/Object; @ 162 c2
Event: 0.334 Thread 0x000002b9345cf950 DEOPT PACKING pc=0x000002b944629adc sp=0x000000ee08dfc120
Event: 0.334 Thread 0x000002b9345cf950 DEOPT UNPACKING pc=0x000002b943ed46a2 sp=0x000000ee08dfc058 mode 2
Event: 0.339 Thread 0x000002b9345cf950 Uncommon trap: trap_request=0xffffff45 fr.pc=0x000002b9445f8d30 relative=0x0000000000000190
Event: 0.339 Thread 0x000002b9345cf950 Uncommon trap: reason=unstable_if action=reinterpret pc=0x000002b9445f8d30 method=jdk.internal.util.ArraysSupport.vectorizedHashCode(Ljava/lang/Object;IIII)I @ 2 c2
Event: 0.339 Thread 0x000002b9345cf950 DEOPT PACKING pc=0x000002b9445f8d30 sp=0x000000ee08dfc050
Event: 0.339 Thread 0x000002b9345cf950 DEOPT UNPACKING pc=0x000002b943ed46a2 sp=0x000000ee08dfc000 mode 2
Event: 0.445 Thread 0x000002b9345cf950 Uncommon trap: trap_request=0xffffff6e fr.pc=0x000002b94464fb8c relative=0x000000000000044c
Event: 0.445 Thread 0x000002b9345cf950 Uncommon trap: reason=loop_limit_check action=maybe_recompile pc=0x000002b94464fb8c method=java.lang.StringLatin1.indexOf([BI[BII)I @ 37 c2
Event: 0.445 Thread 0x000002b9345cf950 DEOPT PACKING pc=0x000002b94464fb8c sp=0x000000ee08dff1c0
Event: 0.445 Thread 0x000002b9345cf950 DEOPT UNPACKING pc=0x000002b943ed46a2 sp=0x000000ee08dff120 mode 2

Classes loaded (20 events):
Event: 0.422 Loading class javax/security/sasl/SaslException
Event: 0.422 Loading class javax/security/sasl/SaslException done
Event: 0.423 Loading class javax/security/auth/callback/UnsupportedCallbackException
Event: 0.423 Loading class javax/security/auth/callback/UnsupportedCallbackException done
Event: 0.423 Loading class javax/security/auth/login/Configuration
Event: 0.423 Loading class javax/security/auth/login/Configuration done
Event: 0.423 Loading class javax/security/auth/callback/Callback
Event: 0.423 Loading class javax/security/auth/callback/Callback done
Event: 0.423 Loading class sun/invoke/util/VerifyAccess$1
Event: 0.423 Loading class sun/invoke/util/VerifyAccess$1 done
Event: 0.426 Loading class sun/security/ssl/PostHandshakeContext
Event: 0.426 Loading class sun/security/ssl/PostHandshakeContext done
Event: 0.426 Loading class sun/security/ssl/NewSessionTicket$T13NewSessionTicketMessage
Event: 0.426 Loading class sun/security/ssl/NewSessionTicket$NewSessionTicketMessage
Event: 0.426 Loading class sun/security/ssl/NewSessionTicket$NewSessionTicketMessage done
Event: 0.426 Loading class sun/security/ssl/NewSessionTicket$T13NewSessionTicketMessage done
Event: 0.443 Loading class java/util/TimerTask
Event: 0.443 Loading class java/util/TimerTask done
Event: 0.445 Loading class java/util/NoSuchElementException
Event: 0.445 Loading class java/util/NoSuchElementException done

Classes unloaded (0 events):
No events

Classes redefined (0 events):
No events

Internal exceptions (20 events):
Event: 0.041 Thread 0x000002b9345cf950 Exception <a 'sun/nio/fs/WindowsException'{0x0000000714083258}> (0x0000000714083258) 
thrown [s\open\src\hotspot\share\prims\jni.cpp, line 520]
Event: 0.041 Thread 0x000002b9345cf950 Exception <a 'sun/nio/fs/WindowsException'{0x0000000714083d30}> (0x0000000714083d30) 
thrown [s\open\src\hotspot\share\prims\jni.cpp, line 520]
Event: 0.059 Thread 0x000002b9345cf950 Exception <a 'java/lang/ClassNotFoundException'{0x000000071414bd50}: sun/awt/resources/spi/awtProvider> (0x000000071414bd50) 
thrown [s\open\src\hotspot\share\classfile\systemDictionary.cpp, line 312]
Event: 0.071 Thread 0x000002b9345cf950 Exception <a 'java/io/FileNotFoundException'{0x0000000713e12978}> (0x0000000713e12978) 
thrown [s\open\src\hotspot\share\prims\jni.cpp, line 520]
Event: 0.075 Thread 0x000002b9345cf950 Exception <a 'java/io/FileNotFoundException'{0x0000000713e3ca10}> (0x0000000713e3ca10) 
thrown [s\open\src\hotspot\share\prims\jni.cpp, line 520]
Event: 0.112 Thread 0x000002b9345cf950 Exception <a 'java/lang/NoSuchMethodError'{0x0000000713ed2490}: 'void java.lang.invoke.DirectMethodHandle$Holder.invokeSpecial(java.lang.Object, java.lang.Object, java.lang.Object)'> (0x0000000713ed2490) 
thrown [s\open\src\hotspot\share\interpreter\linkResolver.cpp, line 773]
Event: 0.116 Thread 0x000002b9345cf950 Exception <a 'java/lang/NoSuchMethodError'{0x0000000713fd9558}: 'java.lang.Object java.lang.invoke.DirectMethodHandle$Holder.newInvokeSpecial(java.lang.Object, java.lang.Object, java.lang.Object, java.lang.Object, java.lang.Object)'> (0x0000000713fd9558) 
thrown [s\open\src\hotspot\share\interpreter\linkResolver.cpp, line 773]
Event: 0.120 Thread 0x000002b9345cf950 Exception <a 'java/lang/NoSuchMethodError'{0x0000000713c05690}: 'java.lang.Object java.lang.invoke.DirectMethodHandle$Holder.invokeStatic(java.lang.Object, int, java.lang.Object)'> (0x0000000713c05690) 
thrown [s\open\src\hotspot\share\interpreter\linkResolver.cpp, line 773]
Event: 0.130 Thread 0x000002b9345cf950 Exception <a 'java/lang/ClassNotFoundException'{0x0000000713ca4ca8}: com/sun/swing/internal/plaf/metal/resources/spi/metalProvider> (0x0000000713ca4ca8) 
thrown [s\open\src\hotspot\share\classfile\systemDictionary.cpp, line 312]
Event: 0.130 Thread 0x000002b9345cf950 Exception <a 'java/lang/ClassNotFoundException'{0x0000000713ca8c58}: com/sun/swing/internal/plaf/basic/resources/spi/basicProvider> (0x0000000713ca8c58) 
thrown [s\open\src\hotspot\share\classfile\systemDictionary.cpp, line 312]
Event: 0.135 Thread 0x000002b9345cf950 Exception <a 'java/lang/NoSuchMethodError'{0x0000000713cc7eb8}: 'int java.lang.invoke.Invokers$Holder.invokeExact_MT(java.lang.Object, java.lang.Object)'> (0x0000000713cc7eb8) 
thrown [s\open\src\hotspot\share\interpreter\linkResolver.cpp, line 773]
Event: 0.141 Thread 0x000002b9345cf950 Exception <a 'java/lang/NoSuchMethodError'{0x0000000713cef398}: 'void java.lang.invoke.DirectMethodHandle$Holder.invokeStatic(java.lang.Object, java.lang.Object)'> (0x0000000713cef398) 
thrown [s\open\src\hotspot\share\interpreter\linkResolver.cpp, line 773]
Event: 0.157 Thread 0x000002b9345cf950 Exception <a 'java/lang/NoSuchMethodError'{0x0000000713a134a8}: 'java.lang.Object java.lang.invoke.DirectMethodHandle$Holder.invokeInterface(java.lang.Object, java.lang.Object)'> (0x0000000713a134a8) 
thrown [s\open\src\hotspot\share\interpreter\linkResolver.cpp, line 773]
Event: 0.171 Thread 0x000002b9345cf950 Exception <a 'java/lang/NoSuchMethodError'{0x0000000713a8ed10}: 'void java.lang.invoke.DirectMethodHandle$Holder.invokeStatic(java.lang.Object, java.lang.Object, java.lang.Object)'> (0x0000000713a8ed10) 
thrown [s\open\src\hotspot\share\interpreter\linkResolver.cpp, line 773]
Event: 0.173 Thread 0x000002b9345cf950 Exception <a 'java/lang/NoSuchMethodError'{0x0000000713a979f8}: 'java.lang.Object java.lang.invoke.DirectMethodHandle$Holder.invokeVirtual(java.lang.Object, java.lang.Object, java.lang.Object)'> (0x0000000713a979f8) 
thrown [s\open\src\hotspot\share\interpreter\linkResolver.cpp, line 773]
Event: 0.253 Thread 0x000002b9345cf950 Exception <a 'java/lang/NoSuchMethodError'{0x0000000713782ec0}: 'void java.lang.invoke.DirectMethodHandle$Holder.invokeStaticInit(java.lang.Object, java.lang.Object)'> (0x0000000713782ec0) 
thrown [s\open\src\hotspot\share\interpreter\linkResolver.cpp, line 773]
Event: 0.294 Thread 0x000002b9345cf950 Exception <a 'sun/nio/fs/WindowsException'{0x0000000713577880}> (0x0000000713577880) 
thrown [s\open\src\hotspot\share\prims\jni.cpp, line 520]
Event: 0.315 Thread 0x000002b9345cf950 Exception <a 'java/lang/NoSuchMethodError'{0x0000000713225020}: 'java.lang.Object java.lang.invoke.DirectMethodHandle$Holder.invokeStaticInit(java.lang.Object, int, int, int, int)'> (0x0000000713225020) 
thrown [s\open\src\hotspot\share\interpreter\linkResolver.cpp, line 773]
Event: 0.324 Thread 0x000002b9345cf950 Exception <a 'java/lang/NoSuchMethodError'{0x000000071329e368}: 'java.lang.Object java.lang.invoke.DirectMethodHandle$Holder.invokeStaticInit(java.lang.Object, java.lang.Object, int, int, int, int)'> (0x000000071329e368) 
thrown [s\open\src\hotspot\share\interpreter\linkResolver.cpp, line 773]
Event: 0.399 Thread 0x000002b9345cf950 Exception <a 'java/lang/NoSuchMethodError'{0x0000000713008e90}: 'void java.lang.invoke.DirectMethodHandle$Holder.invokeVirtual(java.lang.Object, java.lang.Object)'> (0x0000000713008e90) 
thrown [s\open\src\hotspot\share\interpreter\linkResolver.cpp, line 773]

ZGC Phase Switch (0 events):
No events

VM Operations (10 events):
Event: 0.041 Executing VM operation: HandshakeAllThreads (Deoptimize)
Event: 0.041 Executing VM operation: HandshakeAllThreads (Deoptimize) done
Event: 0.079 Executing VM operation: HandshakeAllThreads (Deoptimize)
Event: 0.079 Executing VM operation: HandshakeAllThreads (Deoptimize) done
Event: 0.147 Executing VM operation: HandshakeAllThreads (Deoptimize)
Event: 0.147 Executing VM operation: HandshakeAllThreads (Deoptimize) done
Event: 0.306 Executing VM operation: ICBufferFull
Event: 0.306 Executing VM operation: ICBufferFull done
Event: 0.407 Executing VM operation: HandshakeAllThreads (Deoptimize)
Event: 0.407 Executing VM operation: HandshakeAllThreads (Deoptimize) done

Events (20 events):
Event: 0.022 Thread 0x000002b954652350 Thread added: 0x000002b954652350
Event: 0.022 Thread 0x000002b954653370 Thread added: 0x000002b954653370
Event: 0.022 Thread 0x000002b9546541e0 Thread added: 0x000002b9546541e0
Event: 0.022 Thread 0x000002b954657870 Thread added: 0x000002b954657870
Event: 0.022 Thread 0x000002b954660220 Thread added: 0x000002b954660220
Event: 0.022 Thread 0x000002b954665030 Thread added: 0x000002b954665030
Event: 0.033 Thread 0x000002b9548e5820 Thread added: 0x000002b9548e5820
Event: 0.037 Thread 0x000002b9548ea940 Thread added: 0x000002b9548ea940
Event: 0.037 Thread 0x000002b9548eaff0 Thread added: 0x000002b9548eaff0
Event: 0.044 Thread 0x000002b95490ff90 Thread added: 0x000002b95490ff90
Event: 0.045 Thread 0x000002b954923310 Thread added: 0x000002b954923310
Event: 0.047 Thread 0x000002b954a1e060 Thread added: 0x000002b954a1e060
Event: 0.097 Thread 0x000002b954b140e0 Thread added: 0x000002b954b140e0
Event: 0.098 Thread 0x000002b954b19070 Thread added: 0x000002b954b19070
Event: 0.099 Thread 0x000002b954b207e0 Thread added: 0x000002b954b207e0
Event: 0.142 Thread 0x000002b954b7c0c0 Thread added: 0x000002b954b7c0c0
Event: 0.232 Thread 0x000002b99ac9bd50 Thread added: 0x000002b99ac9bd50
Event: 0.366 Thread 0x000002b99af25c50 Thread added: 0x000002b99af25c50
Event: 0.369 Thread 0x000002b99af26300 Thread added: 0x000002b99af26300
Event: 0.371 Thread 0x000002b99ae506c0 Thread added: 0x000002b99ae506c0


Dynamic libraries:
0x00007ff721f90000 - 0x00007ff721fa0000 	C:\Program Files\Java\jdk-21\bin\java.exe
0x00007ff957250000 - 0x00007ff957467000 	C:\WINDOWS\SYSTEM32\ntdll.dll
0x00007ff955790000 - 0x00007ff955854000 	C:\WINDOWS\System32\KERNEL32.DLL
0x00007ff954750000 - 0x00007ff954af7000 	C:\WINDOWS\System32\KERNELBASE.dll
0x00007ff954e30000 - 0x00007ff954f41000 	C:\WINDOWS\System32\ucrtbase.dll
0x00007ff951340000 - 0x00007ff95135b000 	C:\Program Files\Java\jdk-21\bin\VCRUNTIME140.dll
0x00007ff944be0000 - 0x00007ff944bf9000 	C:\Program Files\Java\jdk-21\bin\jli.dll
0x00007ff9560b0000 - 0x00007ff956162000 	C:\WINDOWS\System32\ADVAPI32.dll
0x00007ff956170000 - 0x00007ff956217000 	C:\WINDOWS\System32\msvcrt.dll
0x00007ff955c90000 - 0x00007ff955d38000 	C:\WINDOWS\System32\sechost.dll
0x00007ff954e00000 - 0x00007ff954e28000 	C:\WINDOWS\System32\bcrypt.dll
0x00007ff956270000 - 0x00007ff956385000 	C:\WINDOWS\System32\RPCRT4.dll
0x00007ff955ea0000 - 0x00007ff95604e000 	C:\WINDOWS\System32\USER32.dll
0x00007ff954dd0000 - 0x00007ff954df6000 	C:\WINDOWS\System32\win32u.dll
0x00007ff955060000 - 0x00007ff955089000 	C:\WINDOWS\System32\GDI32.dll
0x00007ff954b70000 - 0x00007ff954c89000 	C:\WINDOWS\System32\gdi32full.dll
0x00007ff9546b0000 - 0x00007ff95474a000 	C:\WINDOWS\System32\msvcp_win.dll
0x00007ff93e0e0000 - 0x00007ff93e373000 	C:\WINDOWS\WinSxS\amd64_microsoft.windows.common-controls_6595b64144ccf1df_6.0.22621.3527_none_270e469b73872a76\COMCTL32.dll
0x00007ff94b3b0000 - 0x00007ff94b3ba000 	C:\WINDOWS\SYSTEM32\VERSION.dll
0x00007ff956220000 - 0x00007ff956251000 	C:\WINDOWS\System32\IMM32.DLL
0x00007ff94f560000 - 0x00007ff94f56c000 	C:\Program Files\Java\jdk-21\bin\vcruntime140_1.dll
0x00007ff9448f0000 - 0x00007ff94497e000 	C:\Program Files\Java\jdk-21\bin\msvcp140.dll
0x00007ff90f710000 - 0x00007ff910427000 	C:\Program Files\Java\jdk-21\bin\server\jvm.dll
0x00007ff956dd0000 - 0x00007ff956e41000 	C:\WINDOWS\System32\WS2_32.dll
0x00007ff953520000 - 0x00007ff95356d000 	C:\WINDOWS\SYSTEM32\POWRPROF.dll
0x00007ff94c540000 - 0x00007ff94c574000 	C:\WINDOWS\SYSTEM32\WINMM.dll
0x00007ff9534b0000 - 0x00007ff9534c3000 	C:\WINDOWS\SYSTEM32\UMPDC.dll
0x00007ff953610000 - 0x00007ff953628000 	C:\WINDOWS\SYSTEM32\kernel.appcore.dll
0x00007ff94c3f0000 - 0x00007ff94c3fa000 	C:\Program Files\Java\jdk-21\bin\jimage.dll
0x00007ff951530000 - 0x00007ff951762000 	C:\WINDOWS\SYSTEM32\DBGHELP.DLL
0x00007ff956e50000 - 0x00007ff9571d8000 	C:\WINDOWS\System32\combase.dll
0x00007ff955d40000 - 0x00007ff955e17000 	C:\WINDOWS\System32\OLEAUT32.dll
0x00007ff931fa0000 - 0x00007ff931fd2000 	C:\WINDOWS\SYSTEM32\dbgcore.DLL
0x00007ff954c90000 - 0x00007ff954d09000 	C:\WINDOWS\System32\bcryptPrimitives.dll
0x00007ff94d5d0000 - 0x00007ff94d5ef000 	C:\Program Files\Java\jdk-21\bin\java.dll
0x00007ff956550000 - 0x00007ff956dac000 	C:\WINDOWS\System32\SHELL32.dll
0x00007ff952430000 - 0x00007ff952d26000 	C:\WINDOWS\SYSTEM32\windows.storage.dll
0x00007ff9522f0000 - 0x00007ff95242e000 	C:\WINDOWS\SYSTEM32\wintypes.dll
0x00007ff955860000 - 0x00007ff955955000 	C:\WINDOWS\System32\SHCORE.dll
0x00007ff955000000 - 0x00007ff95505e000 	C:\WINDOWS\System32\shlwapi.dll
0x00007ff954470000 - 0x00007ff954491000 	C:\WINDOWS\SYSTEM32\profapi.dll
0x00007ff933900000 - 0x00007ff9339d7000 	C:\Program Files\Java\jdk-21\bin\jsvml.dll
0x00007ff94c3e0000 - 0x00007ff94c3f0000 	C:\Program Files\Java\jdk-21\bin\net.dll
0x00007ff94e550000 - 0x00007ff94e686000 	C:\WINDOWS\SYSTEM32\WINHTTP.dll
0x00007ff953a70000 - 0x00007ff953ad9000 	C:\WINDOWS\system32\mswsock.dll
0x00007ff944a10000 - 0x00007ff944a26000 	C:\Program Files\Java\jdk-21\bin\nio.dll
0x00007ff9449f0000 - 0x00007ff944a08000 	C:\Program Files\Java\jdk-21\bin\zip.dll
0x00007ff919480000 - 0x00007ff91960f000 	C:\Program Files\Java\jdk-21\bin\awt.dll
0x00007ff9513c0000 - 0x00007ff951457000 	C:\WINDOWS\SYSTEM32\apphelp.dll
0x00007ff951ca0000 - 0x00007ff951ccb000 	C:\WINDOWS\system32\DWMAPI.DLL
0x00007ff951a40000 - 0x00007ff951aeb000 	C:\WINDOWS\system32\uxtheme.dll
0x00007ff928450000 - 0x00007ff928550000 	C:\WINDOWS\system32\opengl32.dll
0x00007ff9449c0000 - 0x00007ff9449ed000 	C:\WINDOWS\SYSTEM32\GLU32.dll
0x00007ff951b50000 - 0x00007ff951b89000 	C:\WINDOWS\SYSTEM32\dxcore.dll
0x00007ff9551b0000 - 0x00007ff955303000 	C:\WINDOWS\System32\MSCTF.dll
0x00007ff955960000 - 0x00007ff955b05000 	C:\WINDOWS\System32\ole32.dll
0x00007ff953000000 - 0x00007ff9530f8000 	C:\WINDOWS\SYSTEM32\DNSAPI.dll
0x00007ff952fd0000 - 0x00007ff952ffd000 	C:\WINDOWS\SYSTEM32\IPHLPAPI.DLL
0x00007ff955c30000 - 0x00007ff955c39000 	C:\WINDOWS\System32\NSI.dll
0x00007ff94b390000 - 0x00007ff94b39a000 	C:\Windows\System32\rasadhlp.dll
0x00007ff94d7c0000 - 0x00007ff94d843000 	C:\WINDOWS\System32\fwpuclnt.dll
0x00007ff944ae0000 - 0x00007ff944ae9000 	C:\Program Files\Java\jdk-21\bin\extnet.dll
0x00007ff94f4c0000 - 0x00007ff94f4ce000 	C:\Program Files\Java\jdk-21\bin\sunmscapi.dll
0x00007ff954540000 - 0x00007ff9546a8000 	C:\WINDOWS\System32\CRYPT32.dll
0x00007ff953ec0000 - 0x00007ff953eee000 	C:\WINDOWS\SYSTEM32\ncrypt.dll
0x00007ff953e80000 - 0x00007ff953eb7000 	C:\WINDOWS\SYSTEM32\NTASN1.dll
0x00007ff953dc0000 - 0x00007ff953ddb000 	C:\WINDOWS\SYSTEM32\CRYPTSP.dll
0x00007ff953570000 - 0x00007ff9535a5000 	C:\WINDOWS\system32\rsaenh.dll
0x00007ff953b10000 - 0x00007ff953b38000 	C:\WINDOWS\SYSTEM32\USERENV.dll
0x00007ff953da0000 - 0x00007ff953dac000 	C:\WINDOWS\SYSTEM32\CRYPTBASE.dll

dbghelp: loaded successfully - version: 4.0.5 - missing functions: none
symbol engine: initialized successfully - sym options: 0x614 - pdb path: .;C:\Program Files\Java\jdk-21\bin;C:\WINDOWS\SYSTEM32;C:\WINDOWS\WinSxS\amd64_microsoft.windows.common-controls_6595b64144ccf1df_6.0.22621.3527_none_270e469b73872a76;C:\Program Files\Java\jdk-21\bin\server

VM Arguments:
jvm_args: -Dfile.encoding=UTF-8 --module-path=C:\Users\monst\Documents\NetBeansProjects\HotelManageByDemin\build\classes 
java_command: hotelmanagebydemin.UpdateCheck
java_class_path (initial): C:\Users\monst\Documents\NetBeansProjects\mysql-connector-java-8.0.28.jar;C:\Users\monst\Documents\NetBeansProjects\rs2xml.jar;C:\Users\monst\Documents\NetBeansProjects\HotelManageByDemin\build\classes
Launcher Type: SUN_STANDARD

[Global flags]
     intx CICompilerCount                          = 12                                        {product} {ergonomic}
     uint ConcGCThreads                            = 4                                         {product} {ergonomic}
     uint G1ConcRefinementThreads                  = 15                                        {product} {ergonomic}
   size_t G1HeapRegionSize                         = 2097152                                   {product} {ergonomic}
    uintx GCDrainStackTargetSize                   = 64                                        {product} {ergonomic}
   size_t InitialHeapSize                          = 264241152                                 {product} {ergonomic}
   size_t MarkStackSize                            = 4194304                                   {product} {ergonomic}
   size_t MaxHeapSize                              = 4219469824                                {product} {ergonomic}
   size_t MaxNewSize                               = 2531262464                                {product} {ergonomic}
   size_t MinHeapDeltaBytes                        = 2097152                                   {product} {ergonomic}
   size_t MinHeapSize                              = 8388608                                   {product} {ergonomic}
    uintx NonNMethodCodeHeapSize                   = 7602480                                {pd product} {ergonomic}
    uintx NonProfiledCodeHeapSize                  = 122027880                              {pd product} {ergonomic}
    uintx ProfiledCodeHeapSize                     = 122027880                              {pd product} {ergonomic}
    uintx ReservedCodeCacheSize                    = 251658240                              {pd product} {ergonomic}
     bool SegmentedCodeCache                       = true                                      {product} {ergonomic}
   size_t SoftMaxHeapSize                          = 4219469824                             {manageable} {ergonomic}
     bool UseCompressedOops                        = true                           {product lp64_product} {ergonomic}
     bool UseG1GC                                  = true                                      {product} {ergonomic}
     bool UseLargePagesIndividualAllocation        = false                                  {pd product} {ergonomic}

Logging:
Log output configuration:
 #0: stdout all=warning uptime,level,tags foldmultilines=false
 #1: stderr all=off uptime,level,tags foldmultilines=false

Environment Variables:
PATH=C:\Program Files\Common Files\Oracle\Java\javapath;C:\Program Files (x86)\Common Files\Oracle\Java\javapath;C:\python3114\Scripts\;C:\python3114\;C:\Python311\Scripts\;C:\Python311\;C:\Program Files\Microsoft\jdk-11.0.12.7-hotspot\bin;C:\Windows\system32;C:\Windows;C:\Windows\System32\Wbem;C:\Windows\System32\WindowsPowerShell\v1.0\;C:\Windows\System32\OpenSSH\;C:\Program Files\NVIDIA Corporation\NVIDIA NvDLISR;C:\Program Files (x86)\NVIDIA Corporation\PhysX\Common;C:\Program Files\Microsoft SQL Server\150\Tools\Binn\;C:\Program Files\Microsoft SQL Server\Client SDK\ODBC\170\Tools\Binn\;C:\Program Files\dotnet\;C:\Program Files\MATLAB\R2016a\runtime\win64;C:\Program Files\MATLAB\R2016a\bin;C:\Program Files\MATLAB\R2016a\polyspace\bin;C:\Program Files\WireGuard\;C:\Program Files\MATLAB\R2022b\runtime\win64;C:\Program Files\MATLAB\R2022b\bin;C:\WINDOWS\system32;C:\WINDOWS;C:\WINDOWS\System32\Wbem;C:\WINDOWS\System32\WindowsPowerShell\v1.0\;C:\WINDOWS\System32\OpenSSH\;C:\Go\bin;C:\Program Files\Git\cmd;C:\Program Files\nodejs\;C:\Program Files\PuTTY\;C:\Program Files\Docker\Docker\resources\bin;C:\Program Files (x86)\Gpg4win\..\GnuPG\bin;C:\Program Files\MySQL\MySQL Shell 8.0\bin\;C:\python3114\Scripts\;C:\python3114\;C:\Users\monst\AppData\Local\Programs\Python\Launcher\;C:\Users\monst\.cargo\bin;C:\python310\Scripts\;C:\python310\;C:\Users\monst\AppData\Local\Microsoft\WindowsApps;C:\Users\monst\AppData\Local\Programs\Microsoft VS Code\bin;C:\Users\monst\.dotnet\tools;C:\Program Files\JetBrains\PyCharm Community Edition 2022.2.3\bin;;C:\Users\monst\go\bin;C:\Users\monst\AppData\Local\GitHubDesktop\bin;C:\Program Files\JetBrains\PyCharm 2023.2.3\bin;;C:\Users\monst\AppData\Roaming\npm;C:\Program Files\JetBrains\GoLand 2023.2.3\bin;;C:\Users\monst\.encore\bin;C:\Program Files\JetBrains\IntelliJ IDEA Community Edition 2024.1.1\bin;;C:\Users\monst\.dotnet\tools
USERNAME=marfach
OS=Windows_NT
PROCESSOR_IDENTIFIER=Intel64 Family 6 Model 154 Stepping 3, GenuineIntel
TMP=C:\Users\monst\AppData\Local\Temp
TEMP=C:\Users\monst\AppData\Local\Temp




Periodic native trim disabled

---------------  S Y S T E M  ---------------

OS:
 Windows 11 , 64 bit Build 22621 (10.0.22621.3527)
OS uptime: 0 days 21:38 hours
Hyper-V role detected

CPU: total 20 (initial active 20) (10 cores per cpu, 2 threads per core) family 6 model 154 stepping 3 microcode 0x416, cx8, cmov, fxsr, ht, mmx, 3dnowpref, sse, sse2, sse3, ssse3, sse4.1, sse4.2, popcnt, lzcnt, tsc, tscinvbit, avx, avx2, aes, erms, clmul, bmi1, bmi2, adx, sha, fma, vzeroupper, clflush, clflushopt, clwb, hv, serialize, rdtscp, rdpid, fsrm, f16c, cet_ibt, cet_ss
Processor Information for processor 0
  Max Mhz: 1500, Current Mhz: 1500, Mhz Limit: 1500
Processor Information for processor 1
  Max Mhz: 1500, Current Mhz: 1500, Mhz Limit: 1500
Processor Information for processor 2
  Max Mhz: 1500, Current Mhz: 1500, Mhz Limit: 1500
Processor Information for processor 3
  Max Mhz: 1500, Current Mhz: 1500, Mhz Limit: 1500
Processor Information for processor 4
  Max Mhz: 1500, Current Mhz: 1500, Mhz Limit: 1500
Processor Information for processor 5
  Max Mhz: 1500, Current Mhz: 1500, Mhz Limit: 1500
Processor Information for processor 6
  Max Mhz: 1500, Current Mhz: 1500, Mhz Limit: 1500
Processor Information for processor 7
  Max Mhz: 1500, Current Mhz: 1500, Mhz Limit: 1500
Processor Information for processor 8
  Max Mhz: 1500, Current Mhz: 1500, Mhz Limit: 1500
Processor Information for processor 9
  Max Mhz: 1500, Current Mhz: 1500, Mhz Limit: 1500
Processor Information for processor 10
  Max Mhz: 1500, Current Mhz: 1500, Mhz Limit: 1500
Processor Information for processor 11
  Max Mhz: 1500, Current Mhz: 1500, Mhz Limit: 1500
Processor Information for processor 12
  Max Mhz: 1500, Current Mhz: 1100, Mhz Limit: 1095
Processor Information for processor 13
  Max Mhz: 1500, Current Mhz: 1100, Mhz Limit: 1095
Processor Information for processor 14
  Max Mhz: 1500, Current Mhz: 1100, Mhz Limit: 1095
Processor Information for processor 15
  Max Mhz: 1500, Current Mhz: 1100, Mhz Limit: 1095
Processor Information for processor 16
  Max Mhz: 1500, Current Mhz: 1100, Mhz Limit: 1095
Processor Information for processor 17
  Max Mhz: 1500, Current Mhz: 1100, Mhz Limit: 1095
Processor Information for processor 18
  Max Mhz: 1500, Current Mhz: 1100, Mhz Limit: 1095
Processor Information for processor 19
  Max Mhz: 1500, Current Mhz: 1100, Mhz Limit: 1095

Memory: 4k page, system-wide physical 16088M (6815M free)
TotalPageFile size 20184M (AvailPageFile size 5M)
current process WorkingSet (physical memory assigned to process): 95M, peak: 95M
current process commit charge ("private bytes"): 386M, peak: 386M

vm_info: Java HotSpot(TM) 64-Bit Server VM (21.0.2+13-LTS-58) for windows-amd64 JRE (21.0.2+13-LTS-58), built on 2024-01-05T18:32:24Z by "mach5one" with MS VC++ 17.1 (VS2022)

END.
